GEMM Benchmark Suite
====================

==PROF== Connected to process 1384974 (/scratch/sz4972/GEMM-Optimization/build_profile/benchmark_gemm)
GPU: Quadro RTX 8000
Compute Capability: 7.5

         Kernel   DType     M     N     K    Time(ms)      GFLOPSBandwidth(GB/s)
--------------------------------------------------------------------------------

Testing M=128, N=128, K=128
==ERROR== ERR_NVGPUCTRPERM - The user does not have permission to access NVIDIA GPU Performance Counters on the target device 0. For instructions on enabling permissions and to get more information see https://developer.nvidia.com/ERR_NVGPUCTRPERM
     Lab1_Tiled    FP32   128   128   128       0.175       23.91           1.12
   cuBLAS_SGEMM    FP32   128   128   128       0.025      166.61           7.81
cuBLAS_HGEMM_TensorCore    FP16   128   128   128       0.032      130.68           3.06

Testing M=256, N=256, K=256
     Lab1_Tiled    FP32   256   256   256       0.171      196.52           4.61
   cuBLAS_SGEMM    FP32   256   256   256       0.029     1173.10          27.49
cuBLAS_HGEMM_TensorCore    FP16   256   256   256       0.027     1246.82          14.61

Testing M=512, N=512, K=512
     Lab1_Tiled    FP32   512   512   512       0.204     1317.99          15.45
   cuBLAS_SGEMM    FP32   512   512   512       0.045     5992.29          70.22
cuBLAS_HGEMM_TensorCore    FP16   512   512   512       0.066     4058.45          23.78

Testing M=1024, N=1024, K=1024
     Lab1_Tiled    FP32  1024  1024  1024       1.471     1460.31           8.56
   cuBLAS_SGEMM    FP32  1024  1024  1024       0.239     8979.40          52.61
cuBLAS_HGEMM_TensorCore    FP16  1024  1024  1024       0.041    52153.77         152.79

Testing M=2048, N=2048, K=2048
     Lab1_Tiled    FP32  2048  2048  2048       9.724     1766.82           5.18
   cuBLAS_SGEMM    FP32  2048  2048  2048       1.316    13053.63          38.24
cuBLAS_HGEMM_TensorCore    FP16  2048  2048  2048       0.191    90172.06         132.09

Testing M=4096, N=4096, K=4096
     Lab1_Tiled    FP32  4096  4096  4096      70.415     1951.85           2.86
   cuBLAS_SGEMM    FP32  4096  4096  4096      10.826    12695.65          18.60
cuBLAS_HGEMM_TensorCore    FP16  4096  4096  4096       1.583    86846.58          63.61

Testing M=8192, N=8192, K=8192
     Lab1_Tiled    FP32  8192  8192  8192     563.309     1951.88           1.43
   cuBLAS_SGEMM    FP32  8192  8192  8192      85.393    12875.92           9.43
cuBLAS_HGEMM_TensorCore    FP16  8192  8192  8192      12.592    87320.14          31.98

Testing M=4096, N=256, K=1024
     Lab1_Tiled    FP32  4096   256  1024       1.273     1686.99          17.30
   cuBLAS_SGEMM    FP32  4096   256  1024       0.190    11304.93         115.92
cuBLAS_HGEMM_TensorCore    FP16  4096   256  1024       0.040    53554.28         274.57

Testing M=1024, N=4096, K=512
     Lab1_Tiled    FP32  1024  4096   512       2.300     1867.26          11.85
   cuBLAS_SGEMM    FP32  1024  4096   512       0.350    12267.35          77.87
cuBLAS_HGEMM_TensorCore    FP16  1024  4096   512       0.066    65211.22         206.97

Testing M=2048, N=512, K=2048
     Lab1_Tiled    FP32  2048   512  2048       2.314     1856.28          10.88
   cuBLAS_SGEMM    FP32  2048   512  2048       0.355    12115.26          70.99
cuBLAS_HGEMM_TensorCore    FP16  2048   512  2048       0.059    72723.08         213.06

Testing M=512, N=2048, K=512
     Lab1_Tiled    FP32   512  2048   512       0.575     1868.56          16.42
   cuBLAS_SGEMM    FP32   512  2048   512       0.095    11361.10          99.85
cuBLAS_HGEMM_TensorCore    FP16   512  2048   512       0.030    35869.83         157.63
Results saved to results/benchmark_results.csv

Benchmark completed!
==PROF== Disconnected from process 1384974
