GEMM Benchmark Suite
====================

==PROF== Connected to process 1385210 (/scratch/sz4972/GEMM-Optimization/build_profile/benchmark_gemm)
GPU: Quadro RTX 8000
Compute Capability: 7.5

         Kernel   DType     M     N     K    Time(ms)      GFLOPSBandwidth(GB/s)
--------------------------------------------------------------------------------

Testing M=128, N=128, K=128
==ERROR== ERR_NVGPUCTRPERM - The user does not have permission to access NVIDIA GPU Performance Counters on the target device 0. For instructions on enabling permissions and to get more information see https://developer.nvidia.com/ERR_NVGPUCTRPERM
     Lab1_Tiled    FP32   128   128   128       0.177       23.65           1.11
   cuBLAS_SGEMM    FP32   128   128   128       0.026      164.42           7.71
cuBLAS_HGEMM_TensorCore    FP16   128   128   128       0.031      133.75           3.13

Testing M=256, N=256, K=256
     Lab1_Tiled    FP32   256   256   256       0.181      184.96           4.33
   cuBLAS_SGEMM    FP32   256   256   256       0.029     1140.75          26.74
cuBLAS_HGEMM_TensorCore    FP16   256   256   256       0.027     1245.12          14.59

Testing M=512, N=512, K=512
     Lab1_Tiled    FP32   512   512   512       0.210     1280.28          15.00
   cuBLAS_SGEMM    FP32   512   512   512       0.046     5777.28          67.70
cuBLAS_HGEMM_TensorCore    FP16   512   512   512       0.063     4230.90          24.79

Testing M=1024, N=1024, K=1024
     Lab1_Tiled    FP32  1024  1024  1024       1.482     1448.73           8.49
   cuBLAS_SGEMM    FP32  1024  1024  1024       0.238     9040.42          52.97
cuBLAS_HGEMM_TensorCore    FP16  1024  1024  1024       0.041    52255.30         153.09

Testing M=2048, N=2048, K=2048
     Lab1_Tiled    FP32  2048  2048  2048       8.998     1909.28           5.59
   cuBLAS_SGEMM    FP32  2048  2048  2048       1.332    12896.89          37.78
cuBLAS_HGEMM_TensorCore    FP16  2048  2048  2048       0.198    86699.76         127.00

Testing M=4096, N=4096, K=4096
     Lab1_Tiled    FP32  4096  4096  4096      70.262     1956.09           2.87
   cuBLAS_SGEMM    FP32  4096  4096  4096      10.971    12527.76          18.35
cuBLAS_HGEMM_TensorCore    FP16  4096  4096  4096       1.598    86033.73          63.01

Testing M=8192, N=8192, K=8192
     Lab1_Tiled    FP32  8192  8192  8192     563.137     1952.48           1.43
   cuBLAS_SGEMM    FP32  8192  8192  8192      85.702    12829.52           9.40
cuBLAS_HGEMM_TensorCore    FP16  8192  8192  8192      12.573    87449.98          32.03

Testing M=4096, N=256, K=1024
     Lab1_Tiled    FP32  4096   256  1024       1.279     1678.55          17.21
   cuBLAS_SGEMM    FP32  4096   256  1024       0.187    11454.47         117.45
cuBLAS_HGEMM_TensorCore    FP16  4096   256  1024       0.040    53473.20         274.15

Testing M=1024, N=4096, K=512
     Lab1_Tiled    FP32  1024  4096   512       2.309     1859.81          11.81
   cuBLAS_SGEMM    FP32  1024  4096   512       0.351    12245.03          77.73
cuBLAS_HGEMM_TensorCore    FP16  1024  4096   512       0.066    65059.49         206.49

Testing M=2048, N=512, K=2048
     Lab1_Tiled    FP32  2048   512  2048       2.318     1853.21          10.86
   cuBLAS_SGEMM    FP32  2048   512  2048       0.354    12146.07          71.17
cuBLAS_HGEMM_TensorCore    FP16  2048   512  2048       0.059    73015.84         213.91

Testing M=512, N=2048, K=512
     Lab1_Tiled    FP32   512  2048   512       0.573     1874.85          16.48
   cuBLAS_SGEMM    FP32   512  2048   512       0.094    11391.57         100.12
cuBLAS_HGEMM_TensorCore    FP16   512  2048   512       0.030    35505.46         156.03
Results saved to results/benchmark_results.csv

Benchmark completed!
==PROF== Disconnected from process 1385210
