GEMM Benchmark Suite
====================

==PROF== Connected to process 1385360 (/scratch/sz4972/GEMM-Optimization/build_profile/benchmark_gemm)
GPU: Quadro RTX 8000
Compute Capability: 7.5

         Kernel   DType     M     N     K    Time(ms)      GFLOPSBandwidth(GB/s)
--------------------------------------------------------------------------------

Testing M=128, N=128, K=128
==ERROR== ERR_NVGPUCTRPERM - The user does not have permission to access NVIDIA GPU Performance Counters on the target device 0. For instructions on enabling permissions and to get more information see https://developer.nvidia.com/ERR_NVGPUCTRPERM
     Lab1_Tiled    FP32   128   128   128       0.177       23.72           1.11
   cuBLAS_SGEMM    FP32   128   128   128       0.026      162.93           7.64
cuBLAS_HGEMM_TensorCore    FP16   128   128   128       0.033      128.91           3.02

Testing M=256, N=256, K=256
     Lab1_Tiled    FP32   256   256   256       0.182      184.09           4.31
   cuBLAS_SGEMM    FP32   256   256   256       0.027     1254.80          29.41
cuBLAS_HGEMM_TensorCore    FP16   256   256   256       0.027     1264.33          14.82

Testing M=512, N=512, K=512
     Lab1_Tiled    FP32   512   512   512       0.174     1539.34          18.04
   cuBLAS_SGEMM    FP32   512   512   512       0.041     6576.46          77.07
cuBLAS_HGEMM_TensorCore    FP16   512   512   512       0.059     4555.93          26.69

Testing M=1024, N=1024, K=1024
     Lab1_Tiled    FP32  1024  1024  1024       1.498     1433.34           8.40
   cuBLAS_SGEMM    FP32  1024  1024  1024       0.253     8493.34          49.77
cuBLAS_HGEMM_TensorCore    FP16  1024  1024  1024       0.043    49556.09         145.18

Testing M=2048, N=2048, K=2048
     Lab1_Tiled    FP32  2048  2048  2048       9.475     1813.14           5.31
   cuBLAS_SGEMM    FP32  2048  2048  2048       1.344    12783.37          37.45
cuBLAS_HGEMM_TensorCore    FP16  2048  2048  2048       0.199    86137.08         126.18

Testing M=4096, N=4096, K=4096
     Lab1_Tiled    FP32  4096  4096  4096      70.287     1955.39           2.86
   cuBLAS_SGEMM    FP32  4096  4096  4096      11.015    12477.12          18.28
cuBLAS_HGEMM_TensorCore    FP16  4096  4096  4096       1.558    88221.06          64.62

Testing M=8192, N=8192, K=8192
     Lab1_Tiled    FP32  8192  8192  8192     563.424     1951.48           1.43
   cuBLAS_SGEMM    FP32  8192  8192  8192      86.420    12722.92           9.32
cuBLAS_HGEMM_TensorCore    FP16  8192  8192  8192      12.574    87445.71          32.02

Testing M=4096, N=256, K=1024
     Lab1_Tiled    FP32  4096   256  1024       1.264     1698.87          17.42
   cuBLAS_SGEMM    FP32  4096   256  1024       0.188    11449.39         117.40
cuBLAS_HGEMM_TensorCore    FP16  4096   256  1024       0.040    53567.10         274.64

Testing M=1024, N=4096, K=512
     Lab1_Tiled    FP32  1024  4096   512       2.303     1865.16          11.84
   cuBLAS_SGEMM    FP32  1024  4096   512       0.351    12229.52          77.63
cuBLAS_HGEMM_TensorCore    FP16  1024  4096   512       0.066    65051.61         206.46

Testing M=2048, N=512, K=2048
     Lab1_Tiled    FP32  2048   512  2048       2.316     1854.37          10.87
   cuBLAS_SGEMM    FP32  2048   512  2048       0.354    12136.84          71.11
cuBLAS_HGEMM_TensorCore    FP16  2048   512  2048       0.059    72701.42         212.99

Testing M=512, N=2048, K=512
     Lab1_Tiled    FP32   512  2048   512       0.575     1866.26          16.40
   cuBLAS_SGEMM    FP32   512  2048   512       0.094    11409.19         100.28
cuBLAS_HGEMM_TensorCore    FP16   512  2048   512       0.030    35419.26         155.65
Results saved to results/benchmark_results.csv

Benchmark completed!
==PROF== Disconnected from process 1385360
